<?xml version="1.0" encoding="UTF-8"?>
<testsuite name="AttivitaTest" tests="7" skipped="0" failures="0" errors="0" timestamp="2022-05-13T13:52:47" hostname="archlinux" time="0.03">
  <properties/>
  <testcase name="testGetIdAttivita()" classname="AttivitaTest" time="0.016"/>
  <testcase name="testDate()" classname="AttivitaTest" time="0.006"/>
  <testcase name="testHour()" classname="AttivitaTest" time="0.001"/>
  <testcase name="testGetNomeAttivita()" classname="AttivitaTest" time="0.0"/>
  <testcase name="testGetDescriptionAttivita()" classname="AttivitaTest" time="0.001"/>
  <testcase name="testMaxParticipants()" classname="AttivitaTest" time="0.001"/>
  <testcase name="testActualParticipants()" classname="AttivitaTest" time="0.001"/>
  <system-out><![CDATA[]]></system-out>
  <system-err><![CDATA[]]></system-err>
</testsuite>
