<?xml version="1.0" encoding="UTF-8"?>
<testsuite name="OrdineTest" tests="6" skipped="0" failures="0" errors="0" timestamp="2022-05-23T11:56:01" hostname="DESKTOP-JR0URSD" time="0.033">
  <properties/>
  <testcase name="testEndDate()" classname="OrdineTest" time="0.023"/>
  <testcase name="testStartDate()" classname="OrdineTest" time="0.001"/>
  <testcase name="testPrice()" classname="OrdineTest" time="0.001"/>
  <testcase name="testId()" classname="OrdineTest" time="0.001"/>
  <testcase name="testOrderedDishes()" classname="OrdineTest" time="0.002"/>
  <testcase name="testIdCliente()" classname="OrdineTest" time="0.001"/>
  <system-out><![CDATA[]]></system-out>
  <system-err><![CDATA[]]></system-err>
</testsuite>
